230509 14:02:01 mysqld_safe Starting mariadbd daemon with databases from /opt/homebrew/var/mysql
2023-05-09 14:02:02 0 [Warning] Setting lower_case_table_names=2 because file system for /opt/homebrew/var/mysql/ is case insensitive
2023-05-09 14:02:02 0 [Note] Starting MariaDB 10.11.2-MariaDB source revision cafba8761af55ae16cc69c9b53a341340a845b36 as process 28103
2023-05-09 14:02:02 0 [Note] InnoDB: Compressed tables use zlib 1.2.11
2023-05-09 14:02:02 0 [Note] InnoDB: Number of transaction pools: 1
2023-05-09 14:02:02 0 [Note] InnoDB: Using generic crc32 instructions
2023-05-09 14:02:02 0 [Note] InnoDB: Initializing buffer pool, total size = 128.000MiB, chunk size = 2.000MiB
2023-05-09 14:02:02 0 [Note] InnoDB: Completed initialization of buffer pool
2023-05-09 14:02:02 0 [Note] InnoDB: 128 rollback segments are active.
2023-05-09 14:02:02 0 [Note] InnoDB: Setting file './ibtmp1' size to 12.000MiB. Physically writing the file full; Please wait ...
2023-05-09 14:02:02 0 [Note] InnoDB: File './ibtmp1' size is now 12.000MiB.
2023-05-09 14:02:02 0 [Note] InnoDB: log sequence number 46590; transaction id 14
2023-05-09 14:02:02 0 [Note] InnoDB: Loading buffer pool(s) from /opt/homebrew/var/mysql/ib_buffer_pool
2023-05-09 14:02:02 0 [Note] Plugin 'FEEDBACK' is disabled.
2023-05-09 14:02:02 0 [Note] InnoDB: Buffer pool(s) load completed at 230509 14:02:02
2023-05-09 14:02:02 0 [Note] Server socket created on IP: '::'.
2023-05-09 14:02:02 0 [Note] Server socket created on IP: '0.0.0.0'.
2023-05-09 14:02:02 0 [Note] /opt/homebrew/Cellar/mariadb/10.11.2/bin/mariadbd: ready for connections.
Version: '10.11.2-MariaDB'  socket: '/tmp/mysql.sock'  port: 3306  Homebrew
2023-05-09 14:02:13 4 [Warning] Access denied for user 'root'@'localhost'
230509 14:18:02 mysqld_safe Starting mariadbd daemon with databases from /opt/homebrew/var/mysql
2023-05-09 14:18:02 0 [Note] Starting MariaDB 10.11.2-MariaDB source revision cafba8761af55ae16cc69c9b53a341340a845b36 as process 29280
2023-05-09 14:18:02 0 [Warning] Setting lower_case_table_names=2 because file system for /opt/homebrew/var/mysql/ is case insensitive
2023-05-09 14:18:02 0 [Note] InnoDB: Compressed tables use zlib 1.2.11
2023-05-09 14:18:02 0 [Note] InnoDB: Number of transaction pools: 1
2023-05-09 14:18:02 0 [Note] InnoDB: Using generic crc32 instructions
2023-05-09 14:18:02 0 [Note] InnoDB: Initializing buffer pool, total size = 128.000MiB, chunk size = 2.000MiB
2023-05-09 14:18:02 0 [Note] InnoDB: Completed initialization of buffer pool
2023-05-09 14:18:02 0 [Note] InnoDB: Starting crash recovery from checkpoint LSN=46574
2023-05-09 14:18:02 0 [Note] InnoDB: 128 rollback segments are active.
2023-05-09 14:18:02 0 [Note] InnoDB: Removed temporary tablespace data file: "./ibtmp1"
2023-05-09 14:18:02 0 [Note] InnoDB: Setting file './ibtmp1' size to 12.000MiB. Physically writing the file full; Please wait ...
2023-05-09 14:18:02 0 [Note] InnoDB: File './ibtmp1' size is now 12.000MiB.
2023-05-09 14:18:02 0 [Note] InnoDB: log sequence number 46758; transaction id 14
2023-05-09 14:18:02 0 [Note] InnoDB: Loading buffer pool(s) from /opt/homebrew/var/mysql/ib_buffer_pool
2023-05-09 14:18:02 0 [Note] Plugin 'FEEDBACK' is disabled.
2023-05-09 14:18:02 0 [Note] InnoDB: Buffer pool(s) load completed at 230509 14:18:02
2023-05-09 14:18:02 0 [Note] Server socket created on IP: '::'.
2023-05-09 14:18:02 0 [Note] Server socket created on IP: '0.0.0.0'.
2023-05-09 14:18:02 0 [Note] /opt/homebrew/opt/mariadb/bin/mariadbd: ready for connections.
Version: '10.11.2-MariaDB'  socket: '/tmp/mysql.sock'  port: 3306  Homebrew
2023-05-09 14:20:04 3 [Warning] Access denied for user 'root'@'localhost'
2023-05-09 14:23:01 5 [Warning] Access denied for user 'root'@'localhost'
2023-05-09 14:23:19 6 [Warning] Access denied for user 'root'@'localhost'
230509 14:25:44 mysqld_safe A mysqld process already exists
230509 14:27:08 mysqld_safe A mysqld process already exists
2023-05-09 14:27:13 10 [Warning] Access denied for user 'root'@'localhost'
2023-05-09 14:28:32 12 [Warning] Access denied for user 'root'@'localhost'
2023-05-09 14:29:19 13 [Warning] Access denied for user 'root'@'localhost'
2023-05-09 15:34:53 18 [Warning] Access denied for user 'root'@'localhost'
2023-05-09 17:01:07 19 [Warning] Aborted connection 19 to db: 'mydb' user: 'root' host: 'localhost' (Got an error reading communication packets)
2023-05-26 16:01:59 27 [Warning] Access denied for user 'root'@'localhost'
2023-05-26 16:02:32 28 [Warning] Access denied for user 'root'@'localhost'
2023-05-31 20:18:08 29 [Warning] Aborted connection 29 to db: 'mydb' user: 'root' host: 'localhost' (Got timeout reading communication packets)
2023-06-02 17:49:02 158 [Warning] Aborted connection 158 to db: 'mydb' user: 'root' host: 'localhost' (Got an error reading communication packets)
2023-07-04 21:19:41 189 [Warning] Access denied for user 'root'@'localhost'
2023-07-04 21:19:43 190 [Warning] Access denied for user ''@'localhost' to database 'mydb'
230809 21:05:30 mysqld_safe A mysqld process already exists
2023-08-09 21:22:19 0 [Note] /opt/homebrew/opt/mariadb/bin/mariadbd (initiated by: unknown): Normal shutdown
2023-08-09 21:22:19 0 [Note] InnoDB: FTS optimize thread exiting.
2023-08-09 21:22:19 0 [Note] InnoDB: Starting shutdown...
2023-08-09 21:22:19 0 [Note] InnoDB: Dumping buffer pool(s) to /opt/homebrew/var/mysql/ib_buffer_pool
2023-08-09 21:22:19 0 [Note] InnoDB: Buffer pool(s) dump completed at 230809 21:22:19
2023-08-09 21:22:19 0 [Note] InnoDB: Removed temporary tablespace data file: "./ibtmp1"
2023-08-09 21:22:19 0 [Note] InnoDB: Shutdown completed; log sequence number 71662; transaction id 87
2023-08-09 21:22:20 0 [Note] /opt/homebrew/opt/mariadb/bin/mariadbd: Shutdown complete

